<?xml version="1.0" encoding="UTF-8"?>
<testsuite name="edu.uacm.test.controller.PeticionControllerTest" tests="1" skipped="0" failures="0" errors="0" timestamp="2016-04-07T15:02:30" hostname="laboratorio-ThinkCentre-M73" time="0.066">
  <properties/>
  <testcase name="peticionRedirTest" classname="edu.uacm.test.controller.PeticionControllerTest" time="0.066"/>
  <system-out><![CDATA[10:02:28.098 [Test worker] DEBUG o.s.t.c.j.SpringJUnit4ClassRunner - SpringJUnit4ClassRunner constructor called with [class edu.uacm.test.controller.PeticionControllerTest]
10:02:28.102 [Test worker] DEBUG o.s.test.context.BootstrapUtils - Instantiating CacheAwareContextLoaderDelegate from class [org.springframework.test.context.cache.DefaultCacheAwareContextLoaderDelegate]
10:02:28.108 [Test worker] DEBUG o.s.test.context.BootstrapUtils - Instantiating BootstrapContext using constructor [public org.springframework.test.context.support.DefaultBootstrapContext(java.lang.Class,org.springframework.test.context.CacheAwareContextLoaderDelegate)]
10:02:28.122 [Test worker] DEBUG o.s.test.context.BootstrapUtils - Instantiating TestContextBootstrapper for test class [edu.uacm.test.controller.PeticionControllerTest] from class [org.springframework.test.context.web.WebTestContextBootstrapper]
10:02:28.143 [Test worker] DEBUG o.s.t.c.w.WebTestContextBootstrapper - Found explicit ContextLoader class [org.springframework.boot.test.SpringApplicationContextLoader] for context configuration attributes [ContextConfigurationAttributes@7a43c178 declaringClass = 'edu.uacm.test.controller.PeticionControllerTest', classes = '{class edu.uacm.Application}', locations = '{}', inheritLocations = true, initializers = '{}', inheritInitializers = true, name = [null], contextLoaderClass = 'org.springframework.boot.test.SpringApplicationContextLoader']
10:02:28.147 [Test worker] DEBUG o.s.t.c.s.AbstractContextLoader - Did not detect default resource location for test class [edu.uacm.test.controller.PeticionControllerTest]: class path resource [edu/uacm/test/controller/PeticionControllerTest-context.xml] does not exist
10:02:28.147 [Test worker] DEBUG o.s.t.c.s.AbstractContextLoader - Did not detect default resource location for test class [edu.uacm.test.controller.PeticionControllerTest]: class path resource [edu/uacm/test/controller/PeticionControllerTestContext.groovy] does not exist
10:02:28.148 [Test worker] INFO  o.s.t.c.s.AbstractContextLoader - Could not detect default resource locations for test class [edu.uacm.test.controller.PeticionControllerTest]: no resource found for suffixes {-context.xml, Context.groovy}.
10:02:28.150 [Test worker] DEBUG o.s.t.c.support.ActiveProfilesUtils - Could not find an 'annotation declaring class' for annotation type [org.springframework.test.context.ActiveProfiles] and class [edu.uacm.test.controller.PeticionControllerTest]
10:02:28.155 [Test worker] DEBUG o.s.t.c.w.WebTestContextBootstrapper - @TestExecutionListeners is not present for class [edu.uacm.test.controller.PeticionControllerTest]: using defaults.
10:02:28.163 [Test worker] INFO  o.s.t.c.w.WebTestContextBootstrapper - Loaded default TestExecutionListener class names from location [META-INF/spring.factories]: [org.springframework.test.context.web.ServletTestExecutionListener, org.springframework.test.context.support.DirtiesContextBeforeModesTestExecutionListener, org.springframework.test.context.support.DependencyInjectionTestExecutionListener, org.springframework.test.context.support.DirtiesContextTestExecutionListener, org.springframework.test.context.transaction.TransactionalTestExecutionListener, org.springframework.test.context.jdbc.SqlScriptsTestExecutionListener]
10:02:28.170 [Test worker] INFO  o.s.t.c.w.WebTestContextBootstrapper - Could not instantiate TestExecutionListener [org.springframework.test.context.jdbc.SqlScriptsTestExecutionListener]. Specify custom listener classes or make the default listener classes (and their required dependencies) available. Offending class: [org/springframework/transaction/interceptor/TransactionAttribute]
10:02:28.171 [Test worker] INFO  o.s.t.c.w.WebTestContextBootstrapper - Could not instantiate TestExecutionListener [org.springframework.test.context.transaction.TransactionalTestExecutionListener]. Specify custom listener classes or make the default listener classes (and their required dependencies) available. Offending class: [org/springframework/transaction/TransactionDefinition]
10:02:28.172 [Test worker] INFO  o.s.t.c.w.WebTestContextBootstrapper - Using TestExecutionListeners: [org.springframework.test.context.web.ServletTestExecutionListener@33279cd7, org.springframework.test.context.support.DirtiesContextBeforeModesTestExecutionListener@74f09a6a, org.springframework.test.context.support.DependencyInjectionTestExecutionListener@6cb4577a, org.springframework.test.context.support.DirtiesContextTestExecutionListener@7e0f059b]
10:02:28.174 [Test worker] DEBUG o.s.t.annotation.ProfileValueUtils - Retrieved @ProfileValueSourceConfiguration [null] for test class [edu.uacm.test.controller.PeticionControllerTest]
10:02:28.174 [Test worker] DEBUG o.s.t.annotation.ProfileValueUtils - Retrieved ProfileValueSource type [class org.springframework.test.annotation.SystemProfileValueSource] for class [edu.uacm.test.controller.PeticionControllerTest]
10:02:28.175 [Test worker] DEBUG o.s.t.annotation.ProfileValueUtils - Retrieved @ProfileValueSourceConfiguration [null] for test class [edu.uacm.test.controller.PeticionControllerTest]
10:02:28.176 [Test worker] DEBUG o.s.t.annotation.ProfileValueUtils - Retrieved ProfileValueSource type [class org.springframework.test.annotation.SystemProfileValueSource] for class [edu.uacm.test.controller.PeticionControllerTest]
10:02:28.178 [Test worker] DEBUG o.s.t.c.s.AbstractDirtiesContextTestExecutionListener - Before test class: context [DefaultTestContext@1f3e5822 testClass = PeticionControllerTest, testInstance = [null], testMethod = [null], testException = [null], mergedContextConfiguration = [WebMergedContextConfiguration@2ebdf238 testClass = PeticionControllerTest, locations = '{}', classes = '{class edu.uacm.Application}', contextInitializerClasses = '[]', activeProfiles = '{}', propertySourceLocations = '{}', propertySourceProperties = '{}', resourceBasePath = 'src/main/webapp', contextLoader = 'org.springframework.boot.test.SpringApplicationContextLoader', parent = [null]]], class annotated with @DirtiesContext [false] with mode [null].
10:02:28.179 [Test worker] DEBUG o.s.t.annotation.ProfileValueUtils - Retrieved @ProfileValueSourceConfiguration [null] for test class [edu.uacm.test.controller.PeticionControllerTest]
10:02:28.179 [Test worker] DEBUG o.s.t.annotation.ProfileValueUtils - Retrieved ProfileValueSource type [class org.springframework.test.annotation.SystemProfileValueSource] for class [edu.uacm.test.controller.PeticionControllerTest]
10:02:28.226 [Test worker] DEBUG o.s.core.env.StandardEnvironment - Adding [systemProperties] PropertySource with lowest search precedence
10:02:28.228 [Test worker] DEBUG o.s.core.env.StandardEnvironment - Adding [systemEnvironment] PropertySource with lowest search precedence
10:02:28.228 [Test worker] DEBUG o.s.core.env.StandardEnvironment - Initialized StandardEnvironment with PropertySources [systemProperties,systemEnvironment]
10:02:28.229 [Test worker] DEBUG o.s.core.env.StandardEnvironment - Adding [integrationTest] PropertySource with search precedence immediately lower than [systemEnvironment]

  .   ____          _            __ _ _
 /\\ / ___'_ __ _ _(_)_ __  __ _ \ \ \ \
( ( )\___ | '_ | '_| | '_ \/ _` | \ \ \ \
 \\/  ___)| |_)| | | | | || (_| |  ) ) ) )
  '  |____| .__|_| |_|_| |_\__, | / / / /
 =========|_|==============|___/=/_/_/_/
 :: Spring Boot ::        (v1.3.3.RELEASE)

2016-04-07 10:02:28.548  INFO 4840 --- [    Test worker] e.u.t.controller.PeticionControllerTest  : Starting PeticionControllerTest on laboratorio-ThinkCentre-M73 with PID 4840 (/home/laboratorio/sts-bundle/workspaceSTS/Practica06/build/classes/test started by laboratorio in /home/laboratorio/sts-bundle/workspaceSTS/Practica06)
2016-04-07 10:02:28.549 DEBUG 4840 --- [    Test worker] e.u.t.controller.PeticionControllerTest  : Running with Spring Boot v1.3.3.RELEASE, Spring v4.2.5.RELEASE
2016-04-07 10:02:28.549  INFO 4840 --- [    Test worker] e.u.t.controller.PeticionControllerTest  : No active profile set, falling back to default profiles: default
2016-04-07 10:02:28.614  INFO 4840 --- [    Test worker] o.s.w.c.s.GenericWebApplicationContext   : Refreshing org.springframework.web.context.support.GenericWebApplicationContext@2659270b: startup date [Thu Apr 07 10:02:28 CDT 2016]; root of context hierarchy
2016-04-07 10:02:29.297  INFO 4840 --- [    Test worker] o.s.b.f.s.DefaultListableBeanFactory     : Overriding bean definition for bean 'beanNameViewResolver' with a different definition: replacing [Root bean: class [null]; scope=; abstract=false; lazyInit=false; autowireMode=3; dependencyCheck=0; autowireCandidate=true; primary=false; factoryBeanName=org.springframework.boot.autoconfigure.web.ErrorMvcAutoConfiguration$WhitelabelErrorViewConfiguration; factoryMethodName=beanNameViewResolver; initMethodName=null; destroyMethodName=(inferred); defined in class path resource [org/springframework/boot/autoconfigure/web/ErrorMvcAutoConfiguration$WhitelabelErrorViewConfiguration.class]] with [Root bean: class [null]; scope=; abstract=false; lazyInit=false; autowireMode=3; dependencyCheck=0; autowireCandidate=true; primary=false; factoryBeanName=org.springframework.boot.autoconfigure.web.WebMvcAutoConfiguration$WebMvcAutoConfigurationAdapter; factoryMethodName=beanNameViewResolver; initMethodName=null; destroyMethodName=(inferred); defined in class path resource [org/springframework/boot/autoconfigure/web/WebMvcAutoConfiguration$WebMvcAutoConfigurationAdapter.class]]
2016-04-07 10:02:30.188  INFO 4840 --- [    Test worker] s.w.s.m.m.a.RequestMappingHandlerAdapter : Looking for @ControllerAdvice: org.springframework.web.context.support.GenericWebApplicationContext@2659270b: startup date [Thu Apr 07 10:02:28 CDT 2016]; root of context hierarchy
2016-04-07 10:02:30.270  INFO 4840 --- [    Test worker] s.w.s.m.m.a.RequestMappingHandlerMapping : Mapped "{[/peticion/redir],methods=[POST]}" onto public java.lang.String edu.uacm.controller.PeticionController.redireccionar()
2016-04-07 10:02:30.271  INFO 4840 --- [    Test worker] s.w.s.m.m.a.RequestMappingHandlerMapping : Mapped "{[/peticion/recibir],methods=[POST]}" onto public java.lang.String edu.uacm.controller.PeticionController.recibirParametros(edu.uacm.domain.User)
2016-04-07 10:02:30.275  INFO 4840 --- [    Test worker] s.w.s.m.m.a.RequestMappingHandlerMapping : Mapped "{[/error],produces=[text/html]}" onto public org.springframework.web.servlet.ModelAndView org.springframework.boot.autoconfigure.web.BasicErrorController.errorHtml(javax.servlet.http.HttpServletRequest,javax.servlet.http.HttpServletResponse)
2016-04-07 10:02:30.276  INFO 4840 --- [    Test worker] s.w.s.m.m.a.RequestMappingHandlerMapping : Mapped "{[/error]}" onto public org.springframework.http.ResponseEntity<java.util.Map<java.lang.String, java.lang.Object>> org.springframework.boot.autoconfigure.web.BasicErrorController.error(javax.servlet.http.HttpServletRequest)
2016-04-07 10:02:30.294  INFO 4840 --- [    Test worker] o.s.w.s.handler.SimpleUrlHandlerMapping  : Mapped URL path [/home] onto handler of type [class org.springframework.web.servlet.mvc.ParameterizableViewController]
2016-04-07 10:02:30.295  INFO 4840 --- [    Test worker] o.s.w.s.handler.SimpleUrlHandlerMapping  : Root mapping to handler of type [class org.springframework.web.servlet.mvc.ParameterizableViewController]
2016-04-07 10:02:30.295  INFO 4840 --- [    Test worker] o.s.w.s.handler.SimpleUrlHandlerMapping  : Mapped URL path [/redireccion.html] onto handler of type [class org.springframework.web.servlet.mvc.ParameterizableViewController]
2016-04-07 10:02:30.308  INFO 4840 --- [    Test worker] o.s.w.s.handler.SimpleUrlHandlerMapping  : Mapped URL path [/webjars/**] onto handler of type [class org.springframework.web.servlet.resource.ResourceHttpRequestHandler]
2016-04-07 10:02:30.308  INFO 4840 --- [    Test worker] o.s.w.s.handler.SimpleUrlHandlerMapping  : Mapped URL path [/**] onto handler of type [class org.springframework.web.servlet.resource.ResourceHttpRequestHandler]
2016-04-07 10:02:30.358  INFO 4840 --- [    Test worker] o.s.w.s.handler.SimpleUrlHandlerMapping  : Mapped URL path [/**/favicon.ico] onto handler of type [class org.springframework.web.servlet.resource.ResourceHttpRequestHandler]
2016-04-07 10:02:30.675  INFO 4840 --- [    Test worker] e.u.t.controller.PeticionControllerTest  : Started PeticionControllerTest in 2.438 seconds (JVM running for 3.51)
2016-04-07 10:02:30.698  INFO 4840 --- [    Test worker] o.s.b.test.SpringBootMockServletContext  : Initializing Spring FrameworkServlet ''
2016-04-07 10:02:30.698  INFO 4840 --- [    Test worker] o.s.t.web.servlet.TestDispatcherServlet  : FrameworkServlet '': initialization started
2016-04-07 10:02:30.713  INFO 4840 --- [    Test worker] o.s.t.web.servlet.TestDispatcherServlet  : FrameworkServlet '': initialization completed in 14 ms
2016-04-07 10:02:30.748 DEBUG 4840 --- [    Test worker] edu.uacm.controller.PeticionController   :  --------- Estoy entrando a redirecionar () --------- 
2016-04-07 10:02:30.748 DEBUG 4840 --- [    Test worker] edu.uacm.controller.PeticionController   : valor : edu.uacm.service.impl.PeticionServiceimpl@8e4c04
2016-04-07 10:02:30.749 DEBUG 4840 --- [    Test worker] e.uacm.service.impl.PeticionServiceimpl  : entre a recibir peticion (USER user)
2016-04-07 10:02:30.749 DEBUG 4840 --- [    Test worker] e.uacm.service.impl.PeticionServiceimpl  : edu.uacm.domain.User@1b4dfdbc : 29
]]></system-out>
  <system-err><![CDATA[]]></system-err>
</testsuite>
