<?xml version="1.0" encoding="UTF-8"?>
<testsuite name="edu.uacm.test.service.PeticionServiceimplTest" tests="1" skipped="0" failures="0" errors="0" timestamp="2016-04-07T15:02:30" hostname="laboratorio-ThinkCentre-M73" time="0.001">
  <properties/>
  <testcase name="recibirPeticionTest" classname="edu.uacm.test.service.PeticionServiceimplTest" time="0.001"/>
  <system-out><![CDATA[2016-04-07 10:02:30.760  INFO 4840 --- [    Test worker] o.s.t.c.support.AbstractContextLoader    : Could not detect default resource locations for test class [edu.uacm.test.service.PeticionServiceimplTest]: no resource found for suffixes {-context.xml, Context.groovy}.
2016-04-07 10:02:30.763  INFO 4840 --- [    Test worker] o.s.t.c.web.WebTestContextBootstrapper   : Loaded default TestExecutionListener class names from location [META-INF/spring.factories]: [org.springframework.test.context.web.ServletTestExecutionListener, org.springframework.test.context.support.DirtiesContextBeforeModesTestExecutionListener, org.springframework.test.context.support.DependencyInjectionTestExecutionListener, org.springframework.test.context.support.DirtiesContextTestExecutionListener, org.springframework.test.context.transaction.TransactionalTestExecutionListener, org.springframework.test.context.jdbc.SqlScriptsTestExecutionListener]
2016-04-07 10:02:30.764  INFO 4840 --- [    Test worker] o.s.t.c.web.WebTestContextBootstrapper   : Could not instantiate TestExecutionListener [org.springframework.test.context.jdbc.SqlScriptsTestExecutionListener]. Specify custom listener classes or make the default listener classes (and their required dependencies) available. Offending class: [org/springframework/transaction/interceptor/TransactionAttribute]
2016-04-07 10:02:30.765  INFO 4840 --- [    Test worker] o.s.t.c.web.WebTestContextBootstrapper   : Could not instantiate TestExecutionListener [org.springframework.test.context.transaction.TransactionalTestExecutionListener]. Specify custom listener classes or make the default listener classes (and their required dependencies) available. Offending class: [org/springframework/transaction/TransactionDefinition]
2016-04-07 10:02:30.765  INFO 4840 --- [    Test worker] o.s.t.c.web.WebTestContextBootstrapper   : Using TestExecutionListeners: [org.springframework.test.context.web.ServletTestExecutionListener@6ea3e4c4, org.springframework.test.context.support.DirtiesContextBeforeModesTestExecutionListener@26f4f1e9, org.springframework.test.context.support.DependencyInjectionTestExecutionListener@67ef2aff, org.springframework.test.context.support.DirtiesContextTestExecutionListener@668e5ea9]
2016-04-07 10:02:30.768 DEBUG 4840 --- [    Test worker] e.uacm.service.impl.PeticionServiceimpl  : entre a recibir peticion (USER user)
2016-04-07 10:02:30.769 DEBUG 4840 --- [    Test worker] e.uacm.service.impl.PeticionServiceimpl  : edu.uacm.domain.User@5bef66a3 : 29
]]></system-out>
  <system-err><![CDATA[]]></system-err>
</testsuite>
